<?xml version="1.0" encoding="UTF-8"?>
<testsuite name="Flujo de Compra en la pagina Web PideColanta" tests="1" skipped="0" failures="0" errors="0" timestamp="2023-04-02T01:37:28" hostname="MELISSA-PC" time="50.892">
  <properties/>
  <testcase name=": El usuario completa un flujo de compra en la pagina web" classname="Flujo de Compra en la pagina Web PideColanta" time="50.892"/>
  <system-out><![CDATA[]]></system-out>
  <system-err><![CDATA[Starting ChromeDriver 111.0.5563.64 (c710e93d5b63b7095afe8c2c17df34408078439d-refs/branch-heads/5563@{#995}) on port 52055
Only local connections are allowed.
Please see https://chromedriver.chromium.org/security-considerations for suggestions on keeping ChromeDriver safe.
ChromeDriver was started successfully.
Apr 01, 2023 8:37:30 PM org.openqa.selenium.remote.ProtocolHandshake createSession
INFO: Detected dialect: W3C
Starting ChromeDriver 111.0.5563.64 (c710e93d5b63b7095afe8c2c17df34408078439d-refs/branch-heads/5563@{#995}) on port 35114
Only local connections are allowed.
Please see https://chromedriver.chromium.org/security-considerations for suggestions on keeping ChromeDriver safe.
ChromeDriver was started successfully.
Apr 01, 2023 8:37:32 PM org.openqa.selenium.remote.ProtocolHandshake createSession
INFO: Detected dialect: W3C
]]></system-err>
</testsuite>
